[1030/103118.684:ERROR:filesystem_win.cc(129)] GetFileAttributes C:\Users\tonyb\AppData\Local\Temp\scoped_dir5496_1596896312\Crashpad\attachments\39735af9-4b26-4bf6-87f3-3349a4b47a0a: The system cannot find the path specified. (0x3)
[1030/103118.807:ERROR:process_memory_win.cc(73)] ReadMemory at 0x191ccdaf850 of 72 bytes failed: Only part of a ReadProcessMemory or WriteProcessMemory request was completed. (0x12B)
[1030/103118.807:WARNING:pe_image_annotations_reader.cc(135)] could not read annotations list object in C:\Program Files (x86)\Google\Chrome\Application\86.0.4240.111\chrome_elf.dll
[1030/103118.807:ERROR:process_memory_win.cc(73)] ReadMemory at 0x191ccde2f30 of 72 bytes failed: Only part of a ReadProcessMemory or WriteProcessMemory request was completed. (0x12B)
[1030/103118.808:WARNING:pe_image_annotations_reader.cc(135)] could not read annotations list object in C:\Program Files (x86)\Google\Chrome\Application\86.0.4240.111\chrome.dll
[1030/103118.811:ERROR:process_memory_win.cc(73)] ReadMemory at 0x7ff69b260000 of 64 bytes failed: Only part of a ReadProcessMemory or WriteProcessMemory request was completed. (0x12B)
[1030/103118.811:WARNING:pe_image_reader.cc(340)] could not read dos header from C:\Program Files (x86)\Google\Chrome\Application\chrome.exe
[1030/103118.811:ERROR:process_memory_win.cc(73)] ReadMemory at 0x7ffbb9230000 of 64 bytes failed: Only part of a ReadProcessMemory or WriteProcessMemory request was completed. (0x12B)
[1030/103118.811:WARNING:pe_image_reader.cc(340)] could not read dos header from C:\Windows\SYSTEM32\ntdll.dll
[1030/103118.811:ERROR:process_memory_win.cc(73)] ReadMemory at 0x7ffbb83e0000 of 64 bytes failed: Only part of a ReadProcessMemory or WriteProcessMemory request was completed. (0x12B)
[1030/103118.811:WARNING:pe_image_reader.cc(340)] could not read dos header from C:\Windows\System32\KERNEL32.DLL
[1030/103118.811:ERROR:process_memory_win.cc(73)] ReadMemory at 0x7ffbb6a90000 of 64 bytes failed: Only part of a ReadProcessMemory or WriteProcessMemory request was completed. (0x12B)
[1030/103118.811:WARNING:pe_image_reader.cc(340)] could not read dos header from C:\Windows\System32\KERNELBASE.dll
[1030/103118.811:ERROR:process_memory_win.cc(73)] ReadMemory at 0x7ffbad6b0000 of 64 bytes failed: Only part of a ReadProcessMemory or WriteProcessMemory request was completed. (0x12B)
[1030/103118.811:WARNING:pe_image_reader.cc(340)] could not read dos header from C:\Windows\SYSTEM32\version.dll
[1030/103118.811:ERROR:process_memory_win.cc(73)] ReadMemory at 0x7ffbb8230000 of 64 bytes failed: Only part of a ReadProcessMemory or WriteProcessMemory request was completed. (0x12B)
[1030/103118.811:WARNING:pe_image_reader.cc(340)] could not read dos header from C:\Windows\System32\msvcrt.dll
[1030/103118.811:ERROR:process_memory_win.cc(73)] ReadMemory at 0x7ffb8f3d0000 of 64 bytes failed: Only part of a ReadProcessMemory or WriteProcessMemory request was completed. (0x12B)
[1030/103118.811:WARNING:pe_image_reader.cc(340)] could not read dos header from C:\Program Files (x86)\Google\Chrome\Application\86.0.4240.111\chrome_elf.dll
[1030/103118.811:ERROR:process_memory_win.cc(73)] ReadMemory at 0x7ffbb7680000 of 64 bytes failed: Only part of a ReadProcessMemory or WriteProcessMemory request was completed. (0x12B)
[1030/103118.811:WARNING:pe_image_reader.cc(340)] could not read dos header from C:\Windows\System32\ADVAPI32.dll
[1030/103118.811:ERROR:process_memory_win.cc(73)] ReadMemory at 0x7ffbb9150000 of 64 bytes failed: Only part of a ReadProcessMemory or WriteProcessMemory request was completed. (0x12B)
[1030/103118.811:WARNING:pe_image_reader.cc(340)] could not read dos header from C:\Windows\System32\sechost.dll
[1030/103118.811:ERROR:process_memory_win.cc(73)] ReadMemory at 0x7ffbb72a0000 of 64 bytes failed: Only part of a ReadProcessMemory or WriteProcessMemory request was completed. (0x12B)
[1030/103118.811:WARNING:pe_image_reader.cc(340)] could not read dos header from C:\Windows\System32\RPCRT4.dll
[1030/103118.811:ERROR:process_memory_win.cc(73)] ReadMemory at 0x7ffb36930000 of 64 bytes failed: Only part of a ReadProcessMemory or WriteProcessMemory request was completed. (0x12B)
[1030/103118.811:WARNING:pe_image_reader.cc(340)] could not read dos header from C:\Program Files (x86)\Google\Chrome\Application\86.0.4240.111\chrome.dll
[1030/103118.811:ERROR:process_memory_win.cc(73)] ReadMemory at 0x7ffbb90e0000 of 64 bytes failed: Only part of a ReadProcessMemory or WriteProcessMemory request was completed. (0x12B)
[1030/103118.811:WARNING:pe_image_reader.cc(340)] could not read dos header from C:\Windows\System32\WS2_32.dll
[1030/103118.811:ERROR:process_memory_win.cc(73)] ReadMemory at 0x7ffbb7c40000 of 64 bytes failed: Only part of a ReadProcessMemory or WriteProcessMemory request was completed. (0x12B)
[1030/103118.811:WARNING:pe_image_reader.cc(340)] could not read dos header from C:\Windows\System32\OLEAUT32.dll
[1030/103118.811:ERROR:process_memory_win.cc(73)] ReadMemory at 0x7ffbb6ec0000 of 64 bytes failed: Only part of a ReadProcessMemory or WriteProcessMemory request was completed. (0x12B)
[1030/103118.811:WARNING:pe_image_reader.cc(340)] could not read dos header from C:\Windows\System32\msvcp_win.dll
[1030/103118.811:ERROR:process_memory_win.cc(73)] ReadMemory at 0x7ffbb6fc0000 of 64 bytes failed: Only part of a ReadProcessMemory or WriteProcessMemory request was completed. (0x12B)
[1030/103118.811:WARNING:pe_image_reader.cc(340)] could not read dos header from C:\Windows\System32\ucrtbase.dll
[1030/103118.812:ERROR:process_memory_win.cc(73)] ReadMemory at 0x7ffbb7730000 of 64 bytes failed: Only part of a ReadProcessMemory or WriteProcessMemory request was completed. (0x12B)
[1030/103118.812:WARNING:pe_image_reader.cc(340)] could not read dos header from C:\Windows\System32\combase.dll
[1030/103118.812:ERROR:process_memory_win.cc(73)] ReadMemory at 0x7ffbb7240000 of 64 bytes failed: Only part of a ReadProcessMemory or WriteProcessMemory request was completed. (0x12B)
[1030/103118.812:WARNING:pe_image_reader.cc(340)] could not read dos header from C:\Windows\System32\WINTRUST.dll
[1030/103118.812:ERROR:process_memory_win.cc(73)] ReadMemory at 0x7ffbb6d60000 of 64 bytes failed: Only part of a ReadProcessMemory or WriteProcessMemory request was completed. (0x12B)
[1030/103118.812:WARNING:pe_image_reader.cc(340)] could not read dos header from C:\Windows\System32\CRYPT32.dll
[1030/103118.812:ERROR:process_memory_win.cc(73)] ReadMemory at 0x7ffbb63b0000 of 64 bytes failed: Only part of a ReadProcessMemory or WriteProcessMemory request was completed. (0x12B)
[1030/103118.812:WARNING:pe_image_reader.cc(340)] could not read dos header from C:\Windows\SYSTEM32\dbghelp.dll
[1030/103118.812:ERROR:process_memory_win.cc(73)] ReadMemory at 0x7ffbb5730000 of 64 bytes failed: Only part of a ReadProcessMemory or WriteProcessMemory request was completed. (0x12B)
[1030/103118.812:WARNING:pe_image_reader.cc(340)] could not read dos header from C:\Windows\SYSTEM32\IPHLPAPI.DLL
[1030/103118.812:ERROR:process_memory_win.cc(73)] ReadMemory at 0x7ffbac7a0000 of 64 bytes failed: Only part of a ReadProcessMemory or WriteProcessMemory request was completed. (0x12B)
[1030/103118.812:WARNING:pe_image_reader.cc(340)] could not read dos header from C:\Windows\SYSTEM32\WINMM.dll
[1030/103118.812:ERROR:process_memory_win.cc(73)] ReadMemory at 0x7ffb96ed0000 of 64 bytes failed: Only part of a ReadProcessMemory or WriteProcessMemory request was completed. (0x12B)
[1030/103118.812:WARNING:pe_image_reader.cc(340)] could not read dos header from C:\Windows\SYSTEM32\UIAutomationCore.DLL
[1030/103118.812:ERROR:process_memory_win.cc(73)] ReadMemory at 0x7ffbac720000 of 64 bytes failed: Only part of a ReadProcessMemory or WriteProcessMemory request was completed. (0x12B)
[1030/103118.812:WARNING:pe_image_reader.cc(340)] could not read dos header from C:\Windows\SYSTEM32\Secur32.dll
[1030/103118.812:ERROR:process_memory_win.cc(73)] ReadMemory at 0x7ffbb6870000 of 64 bytes failed: Only part of a ReadProcessMemory or WriteProcessMemory request was completed. (0x12B)
[1030/103118.812:WARNING:pe_image_reader.cc(340)] could not read dos header from C:\Windows\SYSTEM32\USERENV.dll
[1030/103118.812:ERROR:process_memory_win.cc(73)] ReadMemory at 0x7ffb9fa60000 of 64 bytes failed: Only part of a ReadProcessMemory or WriteProcessMemory request was completed. (0x12B)
[1030/103118.812:WARNING:pe_image_reader.cc(340)] could not read dos header from C:\Windows\SYSTEM32\DWrite.dll
[1030/103118.812:ERROR:process_memory_win.cc(73)] ReadMemory at 0x7ffb8dc60000 of 64 bytes failed: Only part of a ReadProcessMemory or WriteProcessMemory request was completed. (0x12B)
[1030/103118.812:WARNING:pe_image_reader.cc(340)] could not read dos header from C:\Windows\SYSTEM32\WINSPOOL.DRV
